<?xml version="1.0" encoding="UTF-8"?>
<testng-results skipped="0" failed="0" ignored="0" total="3" passed="3">
  <reporter-output>
  </reporter-output>
  <suite name="FREE CRM Application Test Automation Test Suite" duration-ms="43940" started-at="2020-01-31T23:02:11 SGT" finished-at="2020-01-31T23:02:55 SGT">
    <groups>
    </groups>
    <test name="Free CRM App Test Cases" duration-ms="43940" started-at="2020-01-31T23:02:11 SGT" finished-at="2020-01-31T23:02:55 SGT">
      <class name="com.crm.qa.testcases.LoginPageTest">
        <test-method status="PASS" signature="setUp()[pri:0, instance:com.crm.qa.testcases.LoginPageTest@139982de]" name="setUp" is-config="true" duration-ms="14120" started-at="2020-01-31T23:02:11 SGT" finished-at="2020-01-31T23:02:25 SGT">
          <reporter-output>
          </reporter-output>
        </test-method> <!-- setUp -->
        <test-method status="PASS" signature="landingPageTitleTest()[pri:1, instance:com.crm.qa.testcases.LoginPageTest@139982de]" name="landingPageTitleTest" duration-ms="36" started-at="2020-01-31T23:02:25 SGT" finished-at="2020-01-31T23:02:25 SGT">
          <reporter-output>
          </reporter-output>
        </test-method> <!-- landingPageTitleTest -->
        <test-method status="PASS" signature="tearDown()[pri:0, instance:com.crm.qa.testcases.LoginPageTest@139982de]" name="tearDown" is-config="true" duration-ms="620" started-at="2020-01-31T23:02:25 SGT" finished-at="2020-01-31T23:02:26 SGT">
          <reporter-output>
          </reporter-output>
        </test-method> <!-- tearDown -->
        <test-method status="PASS" signature="setUp()[pri:0, instance:com.crm.qa.testcases.LoginPageTest@139982de]" name="setUp" is-config="true" duration-ms="12399" started-at="2020-01-31T23:02:26 SGT" finished-at="2020-01-31T23:02:38 SGT">
          <reporter-output>
          </reporter-output>
        </test-method> <!-- setUp -->
        <test-method status="PASS" signature="crmLogoImageTest()[pri:2, instance:com.crm.qa.testcases.LoginPageTest@139982de]" name="crmLogoImageTest" duration-ms="113" started-at="2020-01-31T23:02:38 SGT" finished-at="2020-01-31T23:02:38 SGT">
          <reporter-output>
          </reporter-output>
        </test-method> <!-- crmLogoImageTest -->
        <test-method status="PASS" signature="tearDown()[pri:0, instance:com.crm.qa.testcases.LoginPageTest@139982de]" name="tearDown" is-config="true" duration-ms="605" started-at="2020-01-31T23:02:38 SGT" finished-at="2020-01-31T23:02:39 SGT">
          <reporter-output>
          </reporter-output>
        </test-method> <!-- tearDown -->
        <test-method status="PASS" signature="setUp()[pri:0, instance:com.crm.qa.testcases.LoginPageTest@139982de]" name="setUp" is-config="true" duration-ms="12203" started-at="2020-01-31T23:02:39 SGT" finished-at="2020-01-31T23:02:51 SGT">
          <reporter-output>
          </reporter-output>
        </test-method> <!-- setUp -->
        <test-method status="PASS" signature="loginTest()[pri:4, instance:com.crm.qa.testcases.LoginPageTest@139982de]" name="loginTest" duration-ms="3160" started-at="2020-01-31T23:02:51 SGT" finished-at="2020-01-31T23:02:54 SGT">
          <reporter-output>
          </reporter-output>
        </test-method> <!-- loginTest -->
        <test-method status="PASS" signature="tearDown()[pri:0, instance:com.crm.qa.testcases.LoginPageTest@139982de]" name="tearDown" is-config="true" duration-ms="614" started-at="2020-01-31T23:02:54 SGT" finished-at="2020-01-31T23:02:55 SGT">
          <reporter-output>
          </reporter-output>
        </test-method> <!-- tearDown -->
      </class> <!-- com.crm.qa.testcases.LoginPageTest -->
    </test> <!-- Free CRM App Test Cases -->
  </suite> <!-- FREE CRM Application Test Automation Test Suite -->
</testng-results>
