<?xml version="1.0" encoding="UTF-8"?>
<!-- Generated by org.testng.reporters.JUnitXMLReporter -->
<testsuite hostname="LAPTOP-LT868505" ignored="0" name="Free CRM App Test Cases" tests="3" failures="0" timestamp="2020-01-31T23:02:55 SGT" time="43.94" errors="0">
  <testcase name="landingPageTitleTest" time="0.036" classname="com.crm.qa.testcases.LoginPageTest"/>
  <testcase name="crmLogoImageTest" time="0.113" classname="com.crm.qa.testcases.LoginPageTest"/>
  <testcase name="loginTest" time="3.16" classname="com.crm.qa.testcases.LoginPageTest"/>
</testsuite> <!-- Free CRM App Test Cases -->
